<?xml version="1.0" encoding="UTF-8"?>
<testsuite xmlns:xsi="http://www.w3.org/2001/XMLSchema-instance" xsi:noNamespaceSchemaLocation="https://maven.apache.org/surefire/maven-surefire-plugin/xsd/surefire-test-report-3.0.xsd" version="3.0" name="lab1.Test1" time="0.123" tests="3" errors="0" skipped="1" failures="0">
  <properties>
[...]
</properties>
  <testcase name="testMethod1" classname="lab1.Test1" time="0.053">
    <system-out><![CDATA[@BeforeAll - Run before all methods once
@BeforeEach - Run before each test methods
Test method 1
@AfterEach - Run after each test methods
]]></system-out>
  </testcase>
  <testcase name="testMethod2" classname="lab1.Test1" time="0.0">
    <skipped message="void lab1.Test1.testMethod2() is @Disabled"/>
  </testcase>
  <testcase name="testMethod3" classname="lab1.Test1" time="0.005">
    <system-out><![CDATA[@BeforeEach - Run before each test methods
Test method 3
@AfterEach - Run after each test methods
]]></system-out>
  </testcase>
</testsuite>